2024-04-12 12:02:03,903 - logger - INFO - SuperUser bot started
2024-04-12 12:02:03,903 - logger - INFO - SuperUser bot refresh_access_tokens
2024-04-12 21:59:40,002 - logger - INFO - SuperUser bot started
2024-04-12 21:59:40,003 - logger - INFO - SuperUser bot refresh_access_tokens
2024-04-12 21:59:55,427 - logger - INFO - user tg://user?id=940848268 super_user_auth
2024-04-12 21:59:55,666 - logger - INFO - user tutor1 super_user_auth status: 201
2024-04-12 21:59:55,666 - logger - INFO - user tutor1 auth_get_access_token
2024-04-12 21:59:55,898 - logger - INFO - user tutor1 auth_get_access_token status: 200
2024-04-12 22:00:13,127 - logger - INFO - user tg://user?id=940848268 get_tutors
2024-04-12 22:00:13,146 - logger - INFO - user tg://user?id=940848268 get_tutors status OK (200)
2024-04-12 22:01:37,939 - logger - INFO - user tg://user?id=940848268 get_tutors
2024-04-12 22:01:37,952 - logger - INFO - user tg://user?id=940848268 get_tutors status OK (200)
2024-04-12 22:02:01,400 - logger - INFO - SuperUser bot started
2024-04-12 22:02:01,400 - logger - INFO - SuperUser bot refresh_access_tokens
2024-04-12 22:02:01,734 - logger - INFO - user tg://user?id=940848268 get_tutors
2024-04-12 22:02:01,742 - logger - INFO - user tg://user?id=940848268 get_tutors status OK (200)
2024-04-12 22:02:57,258 - logger - INFO - user tg://user?id=940848268 create_tutor
2024-04-12 22:02:57,271 - logger - INFO - user tg://user?id=940848268 create_tutor status OK (201)
2024-04-12 22:03:24,780 - logger - INFO - user tg://user?id=940848268 del_tutor
2024-04-12 22:03:24,790 - logger - WARNING - user tg://user?id=940848268 del_tutor status 400 details: TUTOR_HASNT_LOGGED_IN_YET
2024-04-12 22:04:45,567 - logger - INFO - user tg://user?id=940848268 get_tutors
2024-04-12 22:04:45,575 - logger - INFO - user tg://user?id=940848268 get_tutors status OK (200)
